<?xml version="1.0" encoding="UTF-8"?>
<coverage generated="1575415422603" clover="3.2.0">
  <project timestamp="1575415422603" name="All files">
    <metrics statements="7" coveredstatements="5" conditionals="0" coveredconditionals="0" methods="5" coveredmethods="3" elements="12" coveredelements="8" complexity="0" loc="7" ncloc="7" packages="1" files="2" classes="2"/>
    <file name="App.jsx" path="/Users/andriimalanchuk/Desktop/HackReactor/airbnb-reservation/src/Components/App.jsx">
      <metrics statements="5" coveredstatements="4" conditionals="0" coveredconditionals="0" methods="4" coveredmethods="3"/>
      <line num="7" count="1" type="stmt"/>
      <line num="8" count="1" type="stmt"/>
      <line num="16" count="1" type="stmt"/>
      <line num="20" count="0" type="stmt"/>
      <line num="29" count="1" type="stmt"/>
    </file>
    <file name="Price.jsx" path="/Users/andriimalanchuk/Desktop/HackReactor/airbnb-reservation/src/Components/Price.jsx">
      <metrics statements="2" coveredstatements="1" conditionals="0" coveredconditionals="0" methods="1" coveredmethods="0"/>
      <line num="3" count="1" type="stmt"/>
      <line num="4" count="0" type="stmt"/>
    </file>
  </project>
</coverage>
