{"/Users/andriimalanchuk/Desktop/HackReactor/airbnb-reservation/src/Components/App.jsx": {"path":"/Users/andriimalanchuk/Desktop/HackReactor/airbnb-reservation/src/Components/App.jsx","statementMap":{"0":{"start":{"line":7,"column":8},"end":{"line":7,"column":20}},"1":{"start":{"line":8,"column":8},"end":{"line":12,"column":9}},"2":{"start":{"line":16,"column":8},"end":{"line":24,"column":10}},"3":{"start":{"line":20,"column":16},"end":{"line":22,"column":55}},"4":{"start":{"line":29,"column":8},"end":{"line":33,"column":9}}},"fnMap":{"0":{"name":"(anonymous_0)","decl":{"start":{"line":6,"column":4},"end":{"line":6,"column":5}},"loc":{"start":{"line":6,"column":23},"end":{"line":13,"column":5}},"line":6},"1":{"name":"(anonymous_1)","decl":{"start":{"line":15,"column":4},"end":{"line":15,"column":5}},"loc":{"start":{"line":15,"column":24},"end":{"line":25,"column":5}},"line":15},"2":{"name":"(anonymous_2)","decl":{"start":{"line":19,"column":21},"end":{"line":19,"column":22}},"loc":{"start":{"line":19,"column":31},"end":{"line":23,"column":13}},"line":19},"3":{"name":"(anonymous_3)","decl":{"start":{"line":27,"column":4},"end":{"line":27,"column":5}},"loc":{"start":{"line":27,"column":13},"end":{"line":34,"column":5}},"line":27}},"branchMap":{},"s":{"0":1,"1":1,"2":1,"3":0,"4":1},"f":{"0":1,"1":1,"2":0,"3":1},"b":{},"_coverageSchema":"43e27e138ebf9cfc5966b082cf9a028302ed4184","hash":"4686e313926c830bb94ccb6c5e7f6675a4dd1b89"}
,"/Users/andriimalanchuk/Desktop/HackReactor/airbnb-reservation/src/Components/Price.jsx": {"path":"/Users/andriimalanchuk/Desktop/HackReactor/airbnb-reservation/src/Components/Price.jsx","statementMap":{"0":{"start":{"line":3,"column":12},"end":{"line":9,"column":1}},"1":{"start":{"line":4,"column":4},"end":{"line":8,"column":5}}},"fnMap":{"0":{"name":"(anonymous_0)","decl":{"start":{"line":3,"column":12},"end":{"line":3,"column":13}},"loc":{"start":{"line":3,"column":21},"end":{"line":9,"column":1}},"line":3}},"branchMap":{},"s":{"0":1,"1":0},"f":{"0":0},"b":{},"_coverageSchema":"43e27e138ebf9cfc5966b082cf9a028302ed4184","hash":"a81cc0e2b59342c2680abdaf2b2d045aa948243c"}
}
